Added Component: Designator=*(Output/Input)
Added Component: Designator=*(Output/Input)
Added Component: Designator=C1(C1206)
Added Component: Designator=C2(470uF 50V Capacitor)
Added Component: Designator=C3(470uF 50V Capacitor)
Added Component: Designator=D1(SS54)
Added Component: Designator=L1(33mH 5A Inductor SMD)
Added Component: Designator=R1(1206 Resistor)
Added Component: Designator=R2(1206 Resistor)
Added Component: Designator=TP1(Trimmer Potentiometer 3296)
Added Component: Designator=U1(XL4005)
Added Component: Designator=Y1(0805 Led)
Added Pin To Net: NetName=GND Pin=R1-1
Added Pin To Net: NetName=GND Pin=TP1-1
Added Net: Name=GND
Added Pin To Net: NetName=Net*_1 Pin=*-1
Added Pin To Net: NetName=Net*_1 Pin=*-1
Added Pin To Net: NetName=Net*_1 Pin=C2-1
Added Pin To Net: NetName=Net*_1 Pin=C2-1
Added Pin To Net: NetName=Net*_1 Pin=R2-1
Added Pin To Net: NetName=Net*_1 Pin=U1-4
Added Pin To Net: NetName=Net*_1 Pin=U1-5
Added Net: Name=Net*_1
Add Net: Net with name "Net*_1" already exists
Added Pin To Net: NetName=Net*_2 Pin=*-2
Added Pin To Net: NetName=Net*_2 Pin=*-2
Added Pin To Net: NetName=Net*_2 Pin=C2-2
Added Pin To Net: NetName=Net*_2 Pin=C3-2
Added Pin To Net: NetName=Net*_2 Pin=D1-2
Added Pin To Net: NetName=Net*_2 Pin=U1-1
Added Pin To Net: NetName=Net*_2 Pin=Y1-C
Added Net: Name=Net*_2
Added Pin To Net: NetName=NetC1_1 Pin=C1-1
Added Pin To Net: NetName=NetC1_1 Pin=R1-2
Added Pin To Net: NetName=NetC1_1 Pin=TP1-2
Added Pin To Net: NetName=NetC1_1 Pin=TP1-2
Added Pin To Net: NetName=NetC1_1 Pin=U1-2
Added Net: Name=NetC1_1
Added Pin To Net: NetName=NetD1_1 Pin=D1-1
Added Pin To Net: NetName=NetD1_1 Pin=L1-1
Added Pin To Net: NetName=NetD1_1 Pin=U1-3
Added Net: Name=NetD1_1
Added Pin To Net: NetName=NetR2_2 Pin=R2-2
Added Pin To Net: NetName=NetR2_2 Pin=Y1-A
Added Net: Name=NetR2_2
Added Class: Name=XL4005
