Added Component: Designator=C1(C1206)
Added Component: Designator=C2(470uF 50V Capacitor)
Added Component: Designator=C3(470uF 50V Capacitor)
Added Component: Designator=D1(SS54)
Added Component: Designator=GND(Edge Pads)
Added Component: Designator=GND(Edge Pads)
Added Component: Designator=IN(Edge Pads)
Added Component: Designator=L1(33mH 5A Inductor SMD)
Added Component: Designator=OUT(Edge Pads)
Added Component: Designator=R1(1206 Resistor)
Added Component: Designator=R2(1206 Resistor)
Added Component: Designator=TP1(Trimmer Potentiometer 3296)
Added Component: Designator=U1(XL4005)
Added Component: Designator=Y1(0805 Led)
Added Pin To Net: NetName=GND Pin=C2-2
Added Pin To Net: NetName=GND Pin=C3-2
Added Pin To Net: NetName=GND Pin=D1-2
Added Pin To Net: NetName=GND Pin=GND-1
Added Pin To Net: NetName=GND Pin=GND-1
Added Pin To Net: NetName=GND Pin=R1-1
Added Pin To Net: NetName=GND Pin=TP1-1
Added Pin To Net: NetName=GND Pin=U1-1
Added Pin To Net: NetName=GND Pin=Y1-C
Added Net: Name=GND
Added Pin To Net: NetName=NetC1_1 Pin=C1-1
Added Pin To Net: NetName=NetC1_1 Pin=R1-2
Added Pin To Net: NetName=NetC1_1 Pin=TP1-2
Added Pin To Net: NetName=NetC1_1 Pin=TP1-2
Added Pin To Net: NetName=NetC1_1 Pin=U1-2
Added Net: Name=NetC1_1
Added Pin To Net: NetName=NetD1_1 Pin=D1-1
Added Pin To Net: NetName=NetD1_1 Pin=L1-1
Added Pin To Net: NetName=NetD1_1 Pin=U1-3
Added Net: Name=NetD1_1
Added Pin To Net: NetName=NetR2_2 Pin=R2-2
Added Pin To Net: NetName=NetR2_2 Pin=Y1-A
Added Net: Name=NetR2_2
Added Pin To Net: NetName=VCC_IN Pin=C2-1
Added Pin To Net: NetName=VCC_IN Pin=R2-1
Added Pin To Net: NetName=VCC_IN Pin=U1-4
Added Pin To Net: NetName=VCC_IN Pin=U1-5
Added Pin To Net: NetName=VCC_IN Pin=IN-1
Added Net: Name=VCC_IN
Added Pin To Net: NetName=VCC_OUT Pin=C1-2
Added Pin To Net: NetName=VCC_OUT Pin=C3-1
Added Pin To Net: NetName=VCC_OUT Pin=L1-2
Added Pin To Net: NetName=VCC_OUT Pin=OUT-1
Added Pin To Net: NetName=VCC_OUT Pin=TP1-3
Added Net: Name=VCC_OUT
Added Class: Name=XL4005
